Arguments: 
  /Users/gpatnashetty/.nvm/versions/node/v8.9.4/bin/node /usr/local/Cellar/yarn/1.3.2/libexec/bin/yarn.js add webpack --save

PATH: 
  /Users/gpatnashetty/.nvm/versions/node/v8.9.4/bin:src/build-tools/bin:/usr/local/bin:/usr/bin:/bin:/usr/sbin:/sbin

Yarn version: 
  1.3.2

Node version: 
  8.9.4

Platform: 
  darwin x64

npm manifest: 
  {
    "name": "playReact",
    "version": "0.0.1",
    "description": "Play Project - React",
    "main": "index.js",
    "author": "Gaurav Patnashetty",
    "license": "MIT",
    "private": true,
    "main": "main.js",
    "scripts": {
      "test": "echo \"Error: no test specified\" && exit 1"
    },
  }

yarn manifest: 
  No manifest

Lockfile: 
  No lockfile

Trace: 
  SyntaxError: /Users/gpatnashetty/src/playProjects/playReact/package.json: Unexpected token } in JSON at position 282
      at JSON.parse (<anonymous>)
      at /usr/local/Cellar/yarn/1.3.2/libexec/lib/cli.js:770:59
      at Generator.next (<anonymous>)
      at step (/usr/local/Cellar/yarn/1.3.2/libexec/lib/cli.js:92:30)
      at /usr/local/Cellar/yarn/1.3.2/libexec/lib/cli.js:103:13
      at <anonymous>
